<?xml version="1.0" encoding="UTF-8"?>
<!-- Generated by org.testng.reporters.JUnitXMLReporter -->
<testsuite ignored="0" hostname="XE-GGN-IT-03813" failures="1" tests="1" name="CriteriaPage" time="13.075" errors="0" timestamp="2022-09-13T14:36:57 IST">
  <testcase classname="io.cucumber.testng.AbstractTestNGCucumberTests" name="runScenario" time="12.049">
    <failure type="java.lang.IllegalStateException" message="basedir C:\Users\JYOTSN~1.GUP\AppData\Local\Temp\screenshot1038034221007672340.png is not a directory">
      <![CDATA[java.lang.IllegalStateException: basedir C:\Users\JYOTSN~1.GUP\AppData\Local\Temp\screenshot1038034221007672340.png is not a directory
at org.codehaus.plexus.util.DirectoryScanner.scan(DirectoryScanner.java:282)
at org.codehaus.plexus.util.FileUtils.getFileAndDirectoryNames(FileUtils.java:1938)
at org.codehaus.plexus.util.FileUtils.getFileNames(FileUtils.java:1866)
at org.codehaus.plexus.util.FileUtils.getFileNames(FileUtils.java:1848)
at org.codehaus.plexus.util.FileUtils.getFiles(FileUtils.java:1823)
at org.codehaus.plexus.util.FileUtils.getFiles(FileUtils.java:1806)
at org.codehaus.plexus.util.FileUtils.copyDirectory(FileUtils.java:2011)
at org.codehaus.plexus.util.FileUtils.copyDirectory(FileUtils.java:1989)
at utils.TestBase.captureScreen(TestBase.java:60)
at pageObjects.LoginPage.titlePage(LoginPage.java:55)
at stepDefinitions.LoginPageSteps.user_navigate_to_search_employee_page(LoginPageSteps.java:49)
at ✽.user navigate to Search Employee page(file:///C:/Users/Jyotsna.Gupta/eclipse-workspace/MedTrackAutomation/Features/Login.feature:11)
]]>
    </failure>
  </testcase> <!-- runScenario -->
</testsuite> <!-- CriteriaPage -->
